{
  "stats": {
    "suites": 1,
    "tests": 2,
    "passes": 2,
    "pending": 0,
    "failures": 0,
    "start": "2024-03-13T06:36:37.671Z",
    "end": "2024-03-13T06:36:38.284Z",
    "duration": 613,
    "testsRegistered": 2,
    "passPercent": 100,
    "pendingPercent": 0,
    "other": 0,
    "hasOther": false,
    "skipped": 0,
    "hasSkipped": false
  },
  "results": [
    {
      "uuid": "a55dad42-f01c-4f98-8415-cdc5a55ee17c",
      "title": "",
      "fullFile": "D:\\angel\\Automation\\testing file\\api-automation-testing\\test\\scenarios\\login.spec.js",
      "file": "\\test\\scenarios\\login.spec.js",
      "beforeHooks": [],
      "afterHooks": [],
      "tests": [],
      "suites": [
        {
          "uuid": "89b17760-0791-47a5-b401-45bba5f079ab",
          "title": "TS Login",
          "fullFile": "D:\\angel\\Automation\\testing file\\api-automation-testing\\test\\scenarios\\login.spec.js",
          "file": "\\test\\scenarios\\login.spec.js",
          "beforeHooks": [],
          "afterHooks": [],
          "tests": [
            {
              "title": "Successfully Login",
              "fullTitle": "TS Login Successfully Login",
              "timedOut": false,
              "duration": 515,
              "state": "passed",
              "speed": "slow",
              "pass": true,
              "fail": false,
              "pending": false,
              "context": null,
              "code": "loginPayload = {\n    \"email\" : \"1691246243-toko5@gmail.com\",\n    \"password\": \"password\"\n}\n//http request\nconst response = await new auth().login(loginPayload)\n\n//assertion\nexpect(response.status).to.be.equal(201)\nexpect(response.body.message).to.be.equal(\"Authentication berhasil ditambahkan\")",
              "err": {},
              "uuid": "34933045-e1dd-410e-a605-59d32501e1f6",
              "parentUUID": "89b17760-0791-47a5-b401-45bba5f079ab",
              "isHook": false,
              "skipped": false
            },
            {
              "title": "Should Failed to Login With Empty Password",
              "fullTitle": "TS Login Should Failed to Login With Empty Password",
              "timedOut": false,
              "duration": 89,
              "state": "passed",
              "speed": "slow",
              "pass": true,
              "fail": false,
              "pending": false,
              "context": null,
              "code": "loginPayload = {\n    \"email\" : \"1691246243-toko5@gmail.com\",\n    \"password\": \"\"\n}\n//http request\nconst response = await new auth().login(loginPayload)\n\n//assertion\nexpect(response.status).to.be.equal(400)",
              "err": {},
              "uuid": "e617b101-089f-4511-9623-a5c18a5e7416",
              "parentUUID": "89b17760-0791-47a5-b401-45bba5f079ab",
              "isHook": false,
              "skipped": false
            }
          ],
          "suites": [],
          "passes": [
            "34933045-e1dd-410e-a605-59d32501e1f6",
            "e617b101-089f-4511-9623-a5c18a5e7416"
          ],
          "failures": [],
          "pending": [],
          "skipped": [],
          "duration": 604,
          "root": false,
          "rootEmpty": false,
          "_timeout": 50000
        }
      ],
      "passes": [],
      "failures": [],
      "pending": [],
      "skipped": [],
      "duration": 0,
      "root": true,
      "rootEmpty": true,
      "_timeout": 50000
    }
  ],
  "meta": {
    "mocha": {
      "version": "10.2.0"
    },
    "mochawesome": {
      "options": {
        "quiet": false,
        "reportFilename": "mochawesome",
        "saveHtml": true,
        "saveJson": true,
        "consoleReporter": "spec",
        "useInlineDiffs": false,
        "code": true
      },
      "version": "7.1.3"
    },
    "marge": {
      "options": {
        "autoOpen": "true"
      },
      "version": "6.2.0"
    }
  }
}